{
  "stats": {
    "suites": 1,
    "tests": 1,
    "passes": 0,
    "pending": 0,
    "failures": 1,
    "start": "2024-10-05T18:07:55.751Z",
    "end": "2024-10-05T18:07:58.886Z",
    "duration": 3135,
    "testsRegistered": 2,
    "passPercent": 0,
    "pendingPercent": 0,
    "other": 0,
    "hasOther": false,
    "skipped": 1,
    "hasSkipped": true
  },
  "results": [
    {
      "uuid": "23e11e80-5b0f-49d4-9775-9efbf9413866",
      "title": "",
      "fullFile": "cypress\\e2e\\Retry-Ability.cy.js",
      "file": "cypress\\e2e\\Retry-Ability.cy.js",
      "beforeHooks": [],
      "afterHooks": [],
      "tests": [],
      "suites": [
        {
          "uuid": "beeff855-2ff5-4ad8-90b8-c23edbcaebda",
          "title": "Sesion de Retry-Ability",
          "fullFile": "",
          "file": "",
          "beforeHooks": [],
          "afterHooks": [],
          "tests": [
            {
              "title": "Debe crear dos items",
              "fullTitle": "Sesion de Retry-Ability Debe crear dos items",
              "timedOut": null,
              "duration": 2792,
              "state": "failed",
              "speed": null,
              "pass": false,
              "fail": true,
              "pending": false,
              "context": null,
              "code": "cy.get('.todo-list li', {\n  timeout: 20000\n}).should('have.length', 2);",
              "err": {
                "message": "CypressError: `cy.visit()` failed trying to load:\n\nhttp://localhost:8888/\n\nWe attempted to make an http request to this URL but the request failed without a response.\n\nWe received this error at the network level:\n\n  > Error: connect ECONNREFUSED 127.0.0.1:8888\n\nCommon situations why this would fail:\n  - you don't have internet access\n  - you forgot to run / boot your web server\n  - your web server isn't accessible\n  - you have weird network configuration settings on your computer\n\nBecause this error occurred during a `before each` hook we are skipping the remaining tests in the current suite: `Sesion de Retry-Ability`",
                "estack": "CypressError: `cy.visit()` failed trying to load:\n\nhttp://localhost:8888/\n\nWe attempted to make an http request to this URL but the request failed without a response.\n\nWe received this error at the network level:\n\n  > Error: connect ECONNREFUSED 127.0.0.1:8888\n\nCommon situations why this would fail:\n  - you don't have internet access\n  - you forgot to run / boot your web server\n  - your web server isn't accessible\n  - you have weird network configuration settings on your computer\n\nBecause this error occurred during a `before each` hook we are skipping the remaining tests in the current suite: `Sesion de Retry-Ability`\n    at <unknown> (http://localhost:56409/__cypress/runner/cypress_runner.js:131650:74)\n    at visitFailedByErr (http://localhost:56409/__cypress/runner/cypress_runner.js:131049:12)\n    at <unknown> (http://localhost:56409/__cypress/runner/cypress_runner.js:131649:11)\n    at tryCatcher (http://localhost:56409/__cypress/runner/cypress_runner.js:1807:23)\n    at Promise._settlePromiseFromHandler (http://localhost:56409/__cypress/runner/cypress_runner.js:1519:31)\n    at Promise._settlePromise (http://localhost:56409/__cypress/runner/cypress_runner.js:1576:18)\n    at Promise._settlePromise0 (http://localhost:56409/__cypress/runner/cypress_runner.js:1621:10)\n    at Promise._settlePromises (http://localhost:56409/__cypress/runner/cypress_runner.js:1697:18)\n    at _drainQueueStep (http://localhost:56409/__cypress/runner/cypress_runner.js:2407:12)\n    at _drainQueue (http://localhost:56409/__cypress/runner/cypress_runner.js:2400:9)\n    at Async._drainQueues (http://localhost:56409/__cypress/runner/cypress_runner.js:2416:5)\n    at Async.drainQueues (http://localhost:56409/__cypress/runner/cypress_runner.js:2286:14)\nFrom Your Spec Code:\n    at Context.eval (webpack://cypress-e2e/./cypress/e2e/Retry-Ability.cy.js:7:7)\n\nFrom Node.js Internals:\n  Error: connect ECONNREFUSED 127.0.0.1:8888\n      at TCPConnectWrap.afterConnect [as oncomplete] (node:net:1495:16)",
                "diff": null
              },
              "uuid": "a1a21c9c-2c04-4bd7-9ee3-97ab3bf98387",
              "parentUUID": "beeff855-2ff5-4ad8-90b8-c23edbcaebda",
              "isHook": false,
              "skipped": false
            },
            {
              "title": "Debe contener el texto indicado",
              "fullTitle": "Sesion de Retry-Ability Debe contener el texto indicado",
              "timedOut": null,
              "duration": 0,
              "state": "skipped",
              "speed": null,
              "pass": false,
              "fail": false,
              "pending": false,
              "context": null,
              "code": "cy.get('.todo-list li').should('have.length', 2).and($li => {\n  expect($li.get(0).textContent, 'first-item').to.equal('todo-A');\n  expect($li.get(1).textContent, 'second-item').to.equal('todo-B');\n});",
              "err": {},
              "uuid": "71c3b46b-b98a-4049-8360-ef9f5cde0bdc",
              "parentUUID": "beeff855-2ff5-4ad8-90b8-c23edbcaebda",
              "isHook": false,
              "skipped": true
            }
          ],
          "suites": [],
          "passes": [],
          "failures": [
            "a1a21c9c-2c04-4bd7-9ee3-97ab3bf98387"
          ],
          "pending": [],
          "skipped": [
            "71c3b46b-b98a-4049-8360-ef9f5cde0bdc"
          ],
          "duration": 2792,
          "root": false,
          "rootEmpty": false,
          "_timeout": 2000
        }
      ],
      "passes": [],
      "failures": [],
      "pending": [],
      "skipped": [],
      "duration": 0,
      "root": true,
      "rootEmpty": true,
      "_timeout": 2000
    }
  ],
  "meta": {
    "mocha": {
      "version": "7.0.1"
    },
    "mochawesome": {
      "options": {
        "quiet": false,
        "reportFilename": "mochawesome",
        "saveHtml": false,
        "saveJson": true,
        "consoleReporter": "spec",
        "useInlineDiffs": false,
        "code": true
      },
      "version": "7.1.3"
    },
    "marge": {
      "options": {
        "overwrite": false,
        "html": false,
        "json": true,
        "reportDir": "cypress\\reports\\html\\.jsons"
      },
      "version": "6.2.0"
    }
  }
}